This file contains any messages produced by compilers while
running configure, to aid debugging if configure makes a mistake.

It was created by configure, which was
generated by GNU Autoconf 2.62.  Invocation command line was

  $ auto/configure --srcdir=. --cache-file=auto/config.cache

## --------- ##
## Platform. ##
## --------- ##

hostname = wcx
uname -m = x86_64
uname -r = 3.8.0-29-generic
uname -s = Linux
uname -v = #42~precise1-Ubuntu SMP Wed Aug 14 16:19:23 UTC 2013

/usr/bin/uname -p = unknown
/bin/uname -X     = unknown

/bin/arch              = unknown
/usr/bin/arch -k       = unknown
/usr/convex/getsysinfo = unknown
/usr/bin/hostinfo      = unknown
/bin/machine           = unknown
/usr/bin/oslevel       = unknown
/bin/universe          = unknown

PATH: /usr/lib/lightdm/lightdm
PATH: /usr/local/sbin
PATH: /usr/local/bin
PATH: /usr/sbin
PATH: /usr/bin
PATH: /sbin
PATH: /bin
PATH: /usr/games


## ----------- ##
## Core tests. ##
## ----------- ##

configure:1867: loading cache auto/config.cache
configure:1968: checking whether make sets $(MAKE)
configure:1990: result: yes
configure:2048: checking for gcc
configure:2075: result: gcc
configure:2313: checking for C compiler version
configure:2321: gcc --version >&5
gcc (Ubuntu/Linaro 4.6.3-1ubuntu5) 4.6.3
Copyright (C) 2011 Free Software Foundation, Inc.
This is free software; see the source for copying conditions.  There is NO
warranty; not even for MERCHANTABILITY or FITNESS FOR A PARTICULAR PURPOSE.

configure:2325: $? = 0
configure:2332: gcc -v >&5
Using built-in specs.
COLLECT_GCC=gcc
COLLECT_LTO_WRAPPER=/usr/lib/gcc/x86_64-linux-gnu/4.6/lto-wrapper
Target: x86_64-linux-gnu
Configured with: ../src/configure -v --with-pkgversion='Ubuntu/Linaro 4.6.3-1ubuntu5' --with-bugurl=file:///usr/share/doc/gcc-4.6/README.Bugs --enable-languages=c,c++,fortran,objc,obj-c++ --prefix=/usr --program-suffix=-4.6 --enable-shared --enable-linker-build-id --with-system-zlib --libexecdir=/usr/lib --without-included-gettext --enable-threads=posix --with-gxx-include-dir=/usr/include/c++/4.6 --libdir=/usr/lib --enable-nls --with-sysroot=/ --enable-clocale=gnu --enable-libstdcxx-debug --enable-libstdcxx-time=yes --enable-gnu-unique-object --enable-plugin --enable-objc-gc --disable-werror --with-arch-32=i686 --with-tune=generic --enable-checking=release --build=x86_64-linux-gnu --host=x86_64-linux-gnu --target=x86_64-linux-gnu
Thread model: posix
gcc version 4.6.3 (Ubuntu/Linaro 4.6.3-1ubuntu5) 
configure:2336: $? = 0
configure:2343: gcc -V >&5
gcc: error: unrecognized option '-V'
gcc: fatal error: no input files
compilation terminated.
configure:2347: $? = 4
configure:2370: checking for C compiler default output file name
configure:2392: gcc    conftest.c  >&5
configure:2396: $? = 0
configure:2434: result: a.out
configure:2451: checking whether the C compiler works
configure:2461: ./a.out
configure:2465: $? = 0
configure:2482: result: yes
configure:2489: checking whether we are cross compiling
configure:2491: result: no
configure:2494: checking for suffix of executables
configure:2501: gcc -o conftest    conftest.c  >&5
configure:2505: $? = 0
configure:2529: result: 
configure:2535: checking for suffix of object files
configure:2588: result: o
configure:2592: checking whether we are using the GNU C compiler
configure:2645: result: yes
configure:2654: checking whether gcc accepts -g
configure:2792: result: yes
configure:2809: checking for gcc option to accept ISO C89
configure:2913: result: none needed
configure:2935: checking how to run the C preprocessor
configure:3053: result: gcc -E
configure:3082: gcc -E  conftest.c
configure:3089: $? = 0
configure:3120: gcc -E  conftest.c
conftest.c:9:28: fatal error: ac_nonexistent.h: No such file or directory
compilation terminated.
configure:3127: $? = 1
configure: failed program was:
| /* confdefs.h.  */
| #define PACKAGE_NAME ""
| #define PACKAGE_TARNAME ""
| #define PACKAGE_VERSION ""
| #define PACKAGE_STRING ""
| #define PACKAGE_BUGREPORT ""
| #define UNIX 1
| /* end confdefs.h.  */
| #include <ac_nonexistent.h>
configure:3165: checking for grep that handles long lines and -e
configure:3225: result: /bin/grep
configure:3230: checking for egrep
configure:3294: result: /bin/grep -E
configure:3308: checking for library containing strerror
configure:3387: result: none required
configure:3398: checking for gawk
configure:3425: result: mawk
configure:3438: checking for strip
configure:3466: result: strip
configure:3477: checking for ANSI C header files
configure:3645: result: yes
configure:3655: checking for sys/wait.h that is POSIX.1 compatible
configure:3713: result: yes
configure:3752: checking for buggy tools...
configure:3759: checking for BeOS
configure:3765: result: no
configure:3769: checking for QNX
configure:3776: result: no
configure:3780: checking for Darwin (Mac OS X)
configure:4174: result: no
configure:4182: checking --with-local-dir argument
configure:4208: result: Defaulting to /usr/local
configure:4233: checking --with-vim-name argument
configure:4241: result: Defaulting to vim
configure:4246: checking --with-ex-name argument
configure:4254: result: Defaulting to ex
configure:4259: checking --with-view-name argument
configure:4267: result: Defaulting to view
configure:4273: checking --with-global-runtime argument
configure:4284: result: no
configure:4289: checking --with-modified-by argument
configure:4300: result: no
configure:4305: checking if character set is EBCDIC
configure:4334: gcc -c -g -O2  -I/usr/local/include conftest.c >&5
conftest.c: In function 'main':
conftest.c:20:1: error: unknown type name 'make'
conftest.c:20:9: error: expected '=', ',', ';', 'asm' or '__attribute__' before 'error'
configure:4341: $? = 1
configure: failed program was:
| /* confdefs.h.  */
| #define PACKAGE_NAME ""
| #define PACKAGE_TARNAME ""
| #define PACKAGE_VERSION ""
| #define PACKAGE_STRING ""
| #define PACKAGE_BUGREPORT ""
| #define UNIX 1
| #define STDC_HEADERS 1
| #define HAVE_SYS_WAIT_H 1
| /* end confdefs.h.  */
| 
| int
| main ()
| {
|  /* TryCompile function for CharSet.
|    Treat any failure as ASCII for compatibility with existing art.
|    Use compile-time rather than run-time tests for cross-compiler
|    tolerance.  */
| #if '0'!=240
| make an error "Character set is not EBCDIC"
| #endif
|   ;
|   return 0;
| }
configure:4359: result: no
configure:4410: checking --disable-selinux argument
configure:4420: result: no
configure:4422: checking for is_selinux_enabled in -lselinux
configure:4485: result: no
configure:4501: checking --with-features argument
configure:4509: result: Defaulting to normal
configure:4547: checking --with-compiledby argument
configure:4555: result: no
configure:4561: checking --disable-xsmp argument
configure:4572: result: no
configure:4574: checking --disable-xsmp-interact argument
configure:4584: result: no
configure:4599: checking --enable-mzschemeinterp argument
configure:4608: result: no
configure:4766: checking --enable-perlinterp argument
configure:4775: result: no
configure:4969: checking --enable-pythoninterp argument
configure:4978: result: no
configure:5317: checking --enable-tclinterp argument
configure:5326: result: no
configure:5659: checking --enable-rubyinterp argument
configure:5668: result: no
configure:5773: checking --enable-cscope argument
configure:5782: result: no
configure:5791: checking --enable-workshop argument
configure:5800: result: no
configure:5816: checking --disable-netbeans argument
configure:5826: result: no
configure:5829: checking for socket in -lsocket
configure:5892: result: no
configure:5904: checking for gethostbyname in -lnsl
configure:5967: result: yes
configure:5978: checking whether compiling netbeans integration is possible
configure:6024: gcc -o conftest -g -O2  -I/usr/local/include  -L/usr/local/lib conftest.c -lnsl  >&5
configure:6031: $? = 0
configure:6039: result: yes
configure:6067: checking --enable-sniff argument
configure:6076: result: no
configure:6089: checking --enable-multibyte argument
configure:6098: result: no
configure:6107: checking --enable-hangulinput argument
configure:6116: result: no
configure:6119: checking --enable-xim argument
configure:6126: result: defaulting to auto
configure:6131: checking --enable-fontset argument
configure:6140: result: no
configure:6152: checking for xmkmf
configure:6185: result: no
configure:6191: checking for X
configure:6420: result: no
configure:7601: checking if X11 header files can be found
configure:7627: gcc -c -g -O2    -I/usr/local/include conftest.c >&5
conftest.c:16:22: fatal error: X11/Xlib.h: No such file or directory
compilation terminated.
configure:7634: $? = 1
configure: failed program was:
| /* confdefs.h.  */
| #define PACKAGE_NAME ""
| #define PACKAGE_TARNAME ""
| #define PACKAGE_VERSION ""
| #define PACKAGE_STRING ""
| #define PACKAGE_BUGREPORT ""
| #define UNIX 1
| #define STDC_HEADERS 1
| #define HAVE_SYS_WAIT_H 1
| #define FEAT_NORMAL 1
| #define USE_XSMP_INTERACT 1
| #define HAVE_LIBNSL 1
| #define FEAT_NETBEANS_INTG 1
| #define X_DISPLAY_MISSING 1
| /* end confdefs.h.  */
| #include <X11/Xlib.h>
| #include <X11/Intrinsic.h>
| int
| main ()
| {
| 
|   ;
|   return 0;
| }
configure:7645: result: no
configure:7978: checking --enable-gui argument
configure:8038: result: no GUI support
configure:9572: checking for X11/SM/SMlib.h
configure:9579: result: no
configure:10240: checking whether toupper is broken
configure:10305: result: no
configure:10315: checking whether __DATE__ and __TIME__ work
configure:10338: gcc -c -g -O2  -I/usr/local/include conftest.c >&5
configure:10345: $? = 0
configure:10350: result: yes
configure:10366: checking for elf.h
configure:10371: result: yes
configure:10499: checking for main in -lelf
configure:10556: result: no
configure:10577: checking for dirent.h that defines DIR
configure:10630: result: yes
configure:10644: checking for library containing opendir
configure:10723: result: none required
configure:10931: checking for stdarg.h
configure:10938: result: yes
configure:10931: checking for stdlib.h
configure:10938: result: yes
configure:10931: checking for string.h
configure:10938: result: yes
configure:10931: checking for sys/select.h
configure:10938: result: yes
configure:10931: checking for sys/utsname.h
configure:10938: result: yes
configure:10931: checking for termcap.h
configure:10938: result: yes
configure:10931: checking for fcntl.h
configure:10938: result: yes
configure:10931: checking for sgtty.h
configure:10938: result: yes
configure:10931: checking for sys/ioctl.h
configure:10938: result: yes
configure:10931: checking for sys/time.h
configure:10938: result: yes
configure:10931: checking for sys/types.h
configure:10938: result: yes
configure:10931: checking for termio.h
configure:10938: result: yes
configure:10931: checking for iconv.h
configure:10938: result: yes
configure:10931: checking for langinfo.h
configure:10938: result: yes
configure:10931: checking for math.h
configure:10938: result: yes
configure:10931: checking for unistd.h
configure:10938: result: yes
configure:10931: checking for stropts.h
configure:10938: result: yes
configure:10931: checking for errno.h
configure:10938: result: yes
configure:10931: checking for sys/resource.h
configure:10938: result: yes
configure:10931: checking for sys/systeminfo.h
configure:10938: result: no
configure:10931: checking for locale.h
configure:10938: result: yes
configure:10931: checking for sys/stream.h
configure:10938: result: no
configure:10931: checking for termios.h
configure:10938: result: yes
configure:10931: checking for libc.h
configure:10938: result: no
configure:10931: checking for sys/statfs.h
configure:10938: result: yes
configure:10931: checking for poll.h
configure:10938: result: yes
configure:10931: checking for sys/poll.h
configure:10938: result: yes
configure:10931: checking for pwd.h
configure:10938: result: yes
configure:10931: checking for utime.h
configure:10938: result: yes
configure:10931: checking for sys/param.h
configure:10938: result: yes
configure:10931: checking for libintl.h
configure:10938: result: yes
configure:10931: checking for libgen.h
configure:10938: result: yes
configure:10931: checking for util/debug.h
configure:10938: result: no
configure:10931: checking for util/msg18n.h
configure:10938: result: no
configure:10931: checking for frame.h
configure:10938: result: no
configure:10931: checking for sys/acl.h
configure:10938: result: no
configure:10931: checking for sys/access.h
configure:10938: result: no
configure:10931: checking for sys/sysctl.h
configure:10938: result: yes
configure:10931: checking for sys/sysinfo.h
configure:10938: result: yes
configure:10931: checking for wchar.h
configure:10938: result: yes
configure:10931: checking for wctype.h
configure:10938: result: yes
configure:11076: checking for sys/ptem.h
configure:11123: result: no
configure:11137: checking for pthread_np.h
configure:11162: gcc -c -g -O2  -I/usr/local/include conftest.c >&5
conftest.c:53:24: fatal error: pthread_np.h: No such file or directory
compilation terminated.
configure:11169: $? = 1
configure: failed program was:
| /* confdefs.h.  */
| #define PACKAGE_NAME ""
| #define PACKAGE_TARNAME ""
| #define PACKAGE_VERSION ""
| #define PACKAGE_STRING ""
| #define PACKAGE_BUGREPORT ""
| #define UNIX 1
| #define STDC_HEADERS 1
| #define HAVE_SYS_WAIT_H 1
| #define FEAT_NORMAL 1
| #define USE_XSMP_INTERACT 1
| #define HAVE_LIBNSL 1
| #define FEAT_NETBEANS_INTG 1
| #define X_DISPLAY_MISSING 1
| #define HAVE_DATE_TIME 1
| #define HAVE_DIRENT_H 1
| #define HAVE_STDARG_H 1
| #define HAVE_STDLIB_H 1
| #define HAVE_STRING_H 1
| #define HAVE_SYS_SELECT_H 1
| #define HAVE_SYS_UTSNAME_H 1
| #define HAVE_TERMCAP_H 1
| #define HAVE_FCNTL_H 1
| #define HAVE_SGTTY_H 1
| #define HAVE_SYS_IOCTL_H 1
| #define HAVE_SYS_TIME_H 1
| #define HAVE_SYS_TYPES_H 1
| #define HAVE_TERMIO_H 1
| #define HAVE_ICONV_H 1
| #define HAVE_LANGINFO_H 1
| #define HAVE_MATH_H 1
| #define HAVE_UNISTD_H 1
| #define HAVE_STROPTS_H 1
| #define HAVE_ERRNO_H 1
| #define HAVE_SYS_RESOURCE_H 1
| #define HAVE_LOCALE_H 1
| #define HAVE_TERMIOS_H 1
| #define HAVE_SYS_STATFS_H 1
| #define HAVE_POLL_H 1
| #define HAVE_SYS_POLL_H 1
| #define HAVE_PWD_H 1
| #define HAVE_UTIME_H 1
| #define HAVE_SYS_PARAM_H 1
| #define HAVE_LIBINTL_H 1
| #define HAVE_LIBGEN_H 1
| #define HAVE_SYS_SYSCTL_H 1
| #define HAVE_SYS_SYSINFO_H 1
| #define HAVE_WCHAR_H 1
| #define HAVE_WCTYPE_H 1
| /* end confdefs.h.  */
| 
| #include <pthread.h>
| #include <pthread_np.h>
| int
| main ()
| {
| int i; i = 0;
|   ;
|   return 0;
| }
configure:11184: result: no
configure:11195: checking for strings.h
configure:11202: result: yes
configure:11342: checking if strings.h can be included after string.h
configure:11381: gcc -c -g -O2  -I/usr/local/include   conftest.c >&5
configure:11388: $? = 0
configure:11393: result: yes
configure:11412: checking whether gcc needs -traditional
configure:11454: result: no
configure:11461: checking for an ANSI C-conforming const
configure:11558: result: yes
configure:11568: checking for mode_t
configure:11660: result: yes
configure:11672: checking for off_t
configure:11764: result: yes
configure:11776: checking for pid_t
configure:11868: result: yes
configure:11880: checking for size_t
configure:11972: result: yes
configure:11984: checking for uid_t in sys/types.h
configure:12007: result: yes
configure:12022: checking whether time.h and sys/time.h may both be included
configure:12074: result: yes
configure:12084: checking for ino_t
configure:12176: result: yes
configure:12188: checking for dev_t
configure:12280: result: yes
configure:12293: checking for rlim_t
configure:12296: result: (cached) yes
configure:12333: checking for stack_t
configure:12336: result: (cached) yes
configure:12371: checking whether stack_t has an ss_base field
configure:12402: gcc -c -g -O2  -I/usr/local/include conftest.c >&5
conftest.c: In function 'main':
conftest.c:65:23: error: 'stack_t' has no member named 'ss_base'
configure:12409: $? = 1
configure: failed program was:
| /* confdefs.h.  */
| #define PACKAGE_NAME ""
| #define PACKAGE_TARNAME ""
| #define PACKAGE_VERSION ""
| #define PACKAGE_STRING ""
| #define PACKAGE_BUGREPORT ""
| #define UNIX 1
| #define STDC_HEADERS 1
| #define HAVE_SYS_WAIT_H 1
| #define FEAT_NORMAL 1
| #define USE_XSMP_INTERACT 1
| #define HAVE_LIBNSL 1
| #define FEAT_NETBEANS_INTG 1
| #define X_DISPLAY_MISSING 1
| #define HAVE_DATE_TIME 1
| #define HAVE_DIRENT_H 1
| #define HAVE_STDARG_H 1
| #define HAVE_STDLIB_H 1
| #define HAVE_STRING_H 1
| #define HAVE_SYS_SELECT_H 1
| #define HAVE_SYS_UTSNAME_H 1
| #define HAVE_TERMCAP_H 1
| #define HAVE_FCNTL_H 1
| #define HAVE_SGTTY_H 1
| #define HAVE_SYS_IOCTL_H 1
| #define HAVE_SYS_TIME_H 1
| #define HAVE_SYS_TYPES_H 1
| #define HAVE_TERMIO_H 1
| #define HAVE_ICONV_H 1
| #define HAVE_LANGINFO_H 1
| #define HAVE_MATH_H 1
| #define HAVE_UNISTD_H 1
| #define HAVE_STROPTS_H 1
| #define HAVE_ERRNO_H 1
| #define HAVE_SYS_RESOURCE_H 1
| #define HAVE_LOCALE_H 1
| #define HAVE_TERMIOS_H 1
| #define HAVE_SYS_STATFS_H 1
| #define HAVE_POLL_H 1
| #define HAVE_SYS_POLL_H 1
| #define HAVE_PWD_H 1
| #define HAVE_UTIME_H 1
| #define HAVE_SYS_PARAM_H 1
| #define HAVE_LIBINTL_H 1
| #define HAVE_LIBGEN_H 1
| #define HAVE_SYS_SYSCTL_H 1
| #define HAVE_SYS_SYSINFO_H 1
| #define HAVE_WCHAR_H 1
| #define HAVE_WCTYPE_H 1
| #define HAVE_STRINGS_H 1
| #define TIME_WITH_SYS_TIME 1
| /* end confdefs.h.  */
| 
| #include <sys/types.h>
| #if STDC_HEADERS
| # include <stdlib.h>
| # include <stddef.h>
| #endif
| #include <signal.h>
| #include "confdefs.h"
| 
| int
| main ()
| {
| stack_t sigstk; sigstk.ss_base = 0;
|   ;
|   return 0;
| }
configure:12423: result: no
configure:12430: checking --with-tlib argument
configure:12496: result: empty: automatic terminal library selection
configure:12505: checking for tgetent in -lncurses
configure:12570: result: yes
configure:12608: gcc -o conftest -g -O2  -I/usr/local/include  -L/usr/local/lib conftest.c -lncurses -lnsl  >&5
conftest.c:56:22: fatal error: termcap.h: No such file or directory
compilation terminated.
configure:12612: $? = 1
configure: program exited with status 1
configure: failed program was:
| /* confdefs.h.  */
| #define PACKAGE_NAME ""
| #define PACKAGE_TARNAME ""
| #define PACKAGE_VERSION ""
| #define PACKAGE_STRING ""
| #define PACKAGE_BUGREPORT ""
| #define UNIX 1
| #define STDC_HEADERS 1
| #define HAVE_SYS_WAIT_H 1
| #define FEAT_NORMAL 1
| #define USE_XSMP_INTERACT 1
| #define HAVE_LIBNSL 1
| #define FEAT_NETBEANS_INTG 1
| #define X_DISPLAY_MISSING 1
| #define HAVE_DATE_TIME 1
| #define HAVE_DIRENT_H 1
| #define HAVE_STDARG_H 1
| #define HAVE_STDLIB_H 1
| #define HAVE_STRING_H 1
| #define HAVE_SYS_SELECT_H 1
| #define HAVE_SYS_UTSNAME_H 1
| #define HAVE_TERMCAP_H 1
| #define HAVE_FCNTL_H 1
| #define HAVE_SGTTY_H 1
| #define HAVE_SYS_IOCTL_H 1
| #define HAVE_SYS_TIME_H 1
| #define HAVE_SYS_TYPES_H 1
| #define HAVE_TERMIO_H 1
| #define HAVE_ICONV_H 1
| #define HAVE_LANGINFO_H 1
| #define HAVE_MATH_H 1
| #define HAVE_UNISTD_H 1
| #define HAVE_STROPTS_H 1
| #define HAVE_ERRNO_H 1
| #define HAVE_SYS_RESOURCE_H 1
| #define HAVE_LOCALE_H 1
| #define HAVE_TERMIOS_H 1
| #define HAVE_SYS_STATFS_H 1
| #define HAVE_POLL_H 1
| #define HAVE_SYS_POLL_H 1
| #define HAVE_PWD_H 1
| #define HAVE_UTIME_H 1
| #define HAVE_SYS_PARAM_H 1
| #define HAVE_LIBINTL_H 1
| #define HAVE_LIBGEN_H 1
| #define HAVE_SYS_SYSCTL_H 1
| #define HAVE_SYS_SYSINFO_H 1
| #define HAVE_WCHAR_H 1
| #define HAVE_WCTYPE_H 1
| #define HAVE_STRINGS_H 1
| #define TIME_WITH_SYS_TIME 1
| #define HAVE_LIBNCURSES 1
| /* end confdefs.h.  */
| 
| #ifdef HAVE_TERMCAP_H
| # include <termcap.h>
| #endif
| #if STDC_HEADERS
| # include <stdlib.h>
| # include <stddef.h>
| #endif
| main() {char *s; s=(char *)tgoto("%p1%d", 0, 1); exit(0); }
configure:12641: result: ncurses library is not usable
configure:12505: checking for tgetent in -ltermlib
configure:12540: gcc -o conftest -g -O2  -I/usr/local/include  -L/usr/local/lib conftest.c -ltermlib  -lnsl  >&5
/usr/bin/ld: cannot find -ltermlib
collect2: ld returned 1 exit status
configure:12547: $? = 1
configure: failed program was:
| /* confdefs.h.  */
| #define PACKAGE_NAME ""
| #define PACKAGE_TARNAME ""
| #define PACKAGE_VERSION ""
| #define PACKAGE_STRING ""
| #define PACKAGE_BUGREPORT ""
| #define UNIX 1
| #define STDC_HEADERS 1
| #define HAVE_SYS_WAIT_H 1
| #define FEAT_NORMAL 1
| #define USE_XSMP_INTERACT 1
| #define HAVE_LIBNSL 1
| #define FEAT_NETBEANS_INTG 1
| #define X_DISPLAY_MISSING 1
| #define HAVE_DATE_TIME 1
| #define HAVE_DIRENT_H 1
| #define HAVE_STDARG_H 1
| #define HAVE_STDLIB_H 1
| #define HAVE_STRING_H 1
| #define HAVE_SYS_SELECT_H 1
| #define HAVE_SYS_UTSNAME_H 1
| #define HAVE_TERMCAP_H 1
| #define HAVE_FCNTL_H 1
| #define HAVE_SGTTY_H 1
| #define HAVE_SYS_IOCTL_H 1
| #define HAVE_SYS_TIME_H 1
| #define HAVE_SYS_TYPES_H 1
| #define HAVE_TERMIO_H 1
| #define HAVE_ICONV_H 1
| #define HAVE_LANGINFO_H 1
| #define HAVE_MATH_H 1
| #define HAVE_UNISTD_H 1
| #define HAVE_STROPTS_H 1
| #define HAVE_ERRNO_H 1
| #define HAVE_SYS_RESOURCE_H 1
| #define HAVE_LOCALE_H 1
| #define HAVE_TERMIOS_H 1
| #define HAVE_SYS_STATFS_H 1
| #define HAVE_POLL_H 1
| #define HAVE_SYS_POLL_H 1
| #define HAVE_PWD_H 1
| #define HAVE_UTIME_H 1
| #define HAVE_SYS_PARAM_H 1
| #define HAVE_LIBINTL_H 1
| #define HAVE_LIBGEN_H 1
| #define HAVE_SYS_SYSCTL_H 1
| #define HAVE_SYS_SYSINFO_H 1
| #define HAVE_WCHAR_H 1
| #define HAVE_WCTYPE_H 1
| #define HAVE_STRINGS_H 1
| #define TIME_WITH_SYS_TIME 1
| #define HAVE_LIBNCURSES 1
| /* end confdefs.h.  */
| 
| /* Override any GCC internal prototype to avoid an error.
|    Use char because int might match the return type of a GCC
|    builtin and then its argument prototype would still apply.  */
| #ifdef __cplusplus
| extern "C"
| #endif
| char tgetent ();
| int
| main ()
| {
| return tgetent ();
|   ;
|   return 0;
| }
configure:12570: result: no
configure:12505: checking for tgetent in -ltermcap
configure:12540: gcc -o conftest -g -O2  -I/usr/local/include  -L/usr/local/lib conftest.c -ltermcap  -lnsl  >&5
/usr/bin/ld: cannot find -ltermcap
collect2: ld returned 1 exit status
configure:12547: $? = 1
configure: failed program was:
| /* confdefs.h.  */
| #define PACKAGE_NAME ""
| #define PACKAGE_TARNAME ""
| #define PACKAGE_VERSION ""
| #define PACKAGE_STRING ""
| #define PACKAGE_BUGREPORT ""
| #define UNIX 1
| #define STDC_HEADERS 1
| #define HAVE_SYS_WAIT_H 1
| #define FEAT_NORMAL 1
| #define USE_XSMP_INTERACT 1
| #define HAVE_LIBNSL 1
| #define FEAT_NETBEANS_INTG 1
| #define X_DISPLAY_MISSING 1
| #define HAVE_DATE_TIME 1
| #define HAVE_DIRENT_H 1
| #define HAVE_STDARG_H 1
| #define HAVE_STDLIB_H 1
| #define HAVE_STRING_H 1
| #define HAVE_SYS_SELECT_H 1
| #define HAVE_SYS_UTSNAME_H 1
| #define HAVE_TERMCAP_H 1
| #define HAVE_FCNTL_H 1
| #define HAVE_SGTTY_H 1
| #define HAVE_SYS_IOCTL_H 1
| #define HAVE_SYS_TIME_H 1
| #define HAVE_SYS_TYPES_H 1
| #define HAVE_TERMIO_H 1
| #define HAVE_ICONV_H 1
| #define HAVE_LANGINFO_H 1
| #define HAVE_MATH_H 1
| #define HAVE_UNISTD_H 1
| #define HAVE_STROPTS_H 1
| #define HAVE_ERRNO_H 1
| #define HAVE_SYS_RESOURCE_H 1
| #define HAVE_LOCALE_H 1
| #define HAVE_TERMIOS_H 1
| #define HAVE_SYS_STATFS_H 1
| #define HAVE_POLL_H 1
| #define HAVE_SYS_POLL_H 1
| #define HAVE_PWD_H 1
| #define HAVE_UTIME_H 1
| #define HAVE_SYS_PARAM_H 1
| #define HAVE_LIBINTL_H 1
| #define HAVE_LIBGEN_H 1
| #define HAVE_SYS_SYSCTL_H 1
| #define HAVE_SYS_SYSINFO_H 1
| #define HAVE_WCHAR_H 1
| #define HAVE_WCTYPE_H 1
| #define HAVE_STRINGS_H 1
| #define TIME_WITH_SYS_TIME 1
| #define HAVE_LIBNCURSES 1
| /* end confdefs.h.  */
| 
| /* Override any GCC internal prototype to avoid an error.
|    Use char because int might match the return type of a GCC
|    builtin and then its argument prototype would still apply.  */
| #ifdef __cplusplus
| extern "C"
| #endif
| char tgetent ();
| int
| main ()
| {
| return tgetent ();
|   ;
|   return 0;
| }
configure:12570: result: no
configure:12505: checking for tgetent in -lcurses
configure:12540: gcc -o conftest -g -O2  -I/usr/local/include  -L/usr/local/lib conftest.c -lcurses  -lnsl  >&5
/usr/bin/ld: cannot find -lcurses
collect2: ld returned 1 exit status
configure:12547: $? = 1
configure: failed program was:
| /* confdefs.h.  */
| #define PACKAGE_NAME ""
| #define PACKAGE_TARNAME ""
| #define PACKAGE_VERSION ""
| #define PACKAGE_STRING ""
| #define PACKAGE_BUGREPORT ""
| #define UNIX 1
| #define STDC_HEADERS 1
| #define HAVE_SYS_WAIT_H 1
| #define FEAT_NORMAL 1
| #define USE_XSMP_INTERACT 1
| #define HAVE_LIBNSL 1
| #define FEAT_NETBEANS_INTG 1
| #define X_DISPLAY_MISSING 1
| #define HAVE_DATE_TIME 1
| #define HAVE_DIRENT_H 1
| #define HAVE_STDARG_H 1
| #define HAVE_STDLIB_H 1
| #define HAVE_STRING_H 1
| #define HAVE_SYS_SELECT_H 1
| #define HAVE_SYS_UTSNAME_H 1
| #define HAVE_TERMCAP_H 1
| #define HAVE_FCNTL_H 1
| #define HAVE_SGTTY_H 1
| #define HAVE_SYS_IOCTL_H 1
| #define HAVE_SYS_TIME_H 1
| #define HAVE_SYS_TYPES_H 1
| #define HAVE_TERMIO_H 1
| #define HAVE_ICONV_H 1
| #define HAVE_LANGINFO_H 1
| #define HAVE_MATH_H 1
| #define HAVE_UNISTD_H 1
| #define HAVE_STROPTS_H 1
| #define HAVE_ERRNO_H 1
| #define HAVE_SYS_RESOURCE_H 1
| #define HAVE_LOCALE_H 1
| #define HAVE_TERMIOS_H 1
| #define HAVE_SYS_STATFS_H 1
| #define HAVE_POLL_H 1
| #define HAVE_SYS_POLL_H 1
| #define HAVE_PWD_H 1
| #define HAVE_UTIME_H 1
| #define HAVE_SYS_PARAM_H 1
| #define HAVE_LIBINTL_H 1
| #define HAVE_LIBGEN_H 1
| #define HAVE_SYS_SYSCTL_H 1
| #define HAVE_SYS_SYSINFO_H 1
| #define HAVE_WCHAR_H 1
| #define HAVE_WCTYPE_H 1
| #define HAVE_STRINGS_H 1
| #define TIME_WITH_SYS_TIME 1
| #define HAVE_LIBNCURSES 1
| /* end confdefs.h.  */
| 
| /* Override any GCC internal prototype to avoid an error.
|    Use char because int might match the return type of a GCC
|    builtin and then its argument prototype would still apply.  */
| #ifdef __cplusplus
| extern "C"
| #endif
| char tgetent ();
| int
| main ()
| {
| return tgetent ();
|   ;
|   return 0;
| }
configure:12570: result: no
configure:12647: result: no terminal library found
configure:12653: checking for tgetent()
configure:12676: gcc -o conftest -g -O2  -I/usr/local/include  -L/usr/local/lib conftest.c -lnsl  >&5
/tmp/cctFsBPF.o: In function `main':
/home/usrc/vim72/vim72/src/conftest.c:58: undefined reference to `tgetent'
collect2: ld returned 1 exit status
configure:12683: $? = 1
configure: failed program was:
| /* confdefs.h.  */
| #define PACKAGE_NAME ""
| #define PACKAGE_TARNAME ""
| #define PACKAGE_VERSION ""
| #define PACKAGE_STRING ""
| #define PACKAGE_BUGREPORT ""
| #define UNIX 1
| #define STDC_HEADERS 1
| #define HAVE_SYS_WAIT_H 1
| #define FEAT_NORMAL 1
| #define USE_XSMP_INTERACT 1
| #define HAVE_LIBNSL 1
| #define FEAT_NETBEANS_INTG 1
| #define X_DISPLAY_MISSING 1
| #define HAVE_DATE_TIME 1
| #define HAVE_DIRENT_H 1
| #define HAVE_STDARG_H 1
| #define HAVE_STDLIB_H 1
| #define HAVE_STRING_H 1
| #define HAVE_SYS_SELECT_H 1
| #define HAVE_SYS_UTSNAME_H 1
| #define HAVE_TERMCAP_H 1
| #define HAVE_FCNTL_H 1
| #define HAVE_SGTTY_H 1
| #define HAVE_SYS_IOCTL_H 1
| #define HAVE_SYS_TIME_H 1
| #define HAVE_SYS_TYPES_H 1
| #define HAVE_TERMIO_H 1
| #define HAVE_ICONV_H 1
| #define HAVE_LANGINFO_H 1
| #define HAVE_MATH_H 1
| #define HAVE_UNISTD_H 1
| #define HAVE_STROPTS_H 1
| #define HAVE_ERRNO_H 1
| #define HAVE_SYS_RESOURCE_H 1
| #define HAVE_LOCALE_H 1
| #define HAVE_TERMIOS_H 1
| #define HAVE_SYS_STATFS_H 1
| #define HAVE_POLL_H 1
| #define HAVE_SYS_POLL_H 1
| #define HAVE_PWD_H 1
| #define HAVE_UTIME_H 1
| #define HAVE_SYS_PARAM_H 1
| #define HAVE_LIBINTL_H 1
| #define HAVE_LIBGEN_H 1
| #define HAVE_SYS_SYSCTL_H 1
| #define HAVE_SYS_SYSINFO_H 1
| #define HAVE_WCHAR_H 1
| #define HAVE_WCTYPE_H 1
| #define HAVE_STRINGS_H 1
| #define TIME_WITH_SYS_TIME 1
| #define HAVE_LIBNCURSES 1
| /* end confdefs.h.  */
| 
| int
| main ()
| {
| char s[10000]; int res = tgetent(s, "thisterminaldoesnotexist");
|   ;
|   return 0;
| }
configure:12699: error: NOT FOUND!
      You need to install a terminal library; for example ncurses.
      Or specify the name of the library with --with-tlib.

## ---------------- ##
## Cache variables. ##
## ---------------- ##

ac_cv_c_compiler_gnu=yes
ac_cv_c_const=yes
ac_cv_env_CC_set=
ac_cv_env_CC_value=
ac_cv_env_CFLAGS_set=
ac_cv_env_CFLAGS_value=
ac_cv_env_CPPFLAGS_set=
ac_cv_env_CPPFLAGS_value=
ac_cv_env_CPP_set=
ac_cv_env_CPP_value=
ac_cv_env_LDFLAGS_set=
ac_cv_env_LDFLAGS_value=
ac_cv_env_LIBS_set=
ac_cv_env_LIBS_value=
ac_cv_env_XMKMF_set=
ac_cv_env_XMKMF_value=
ac_cv_env_build_alias_set=
ac_cv_env_build_alias_value=
ac_cv_env_host_alias_set=
ac_cv_env_host_alias_value=
ac_cv_env_target_alias_set=
ac_cv_env_target_alias_value=
ac_cv_func_bcmp=yes
ac_cv_func_fchdir=yes
ac_cv_func_fchown=yes
ac_cv_func_fseeko=yes
ac_cv_func_fsync=yes
ac_cv_func_ftello=yes
ac_cv_func_getcwd=yes
ac_cv_func_getpseudotty=no
ac_cv_func_getpwnam=yes
ac_cv_func_getpwuid=yes
ac_cv_func_getrlimit=yes
ac_cv_func_gettimeofday=yes
ac_cv_func_getwd=yes
ac_cv_func_iswupper=yes
ac_cv_func_lstat=yes
ac_cv_func_memcmp=yes
ac_cv_func_memset=yes
ac_cv_func_nanosleep=yes
ac_cv_func_opendir=yes
ac_cv_func_putenv=yes
ac_cv_func_qsort=yes
ac_cv_func_readlink=yes
ac_cv_func_select=yes
ac_cv_func_setenv=yes
ac_cv_func_setpgid=yes
ac_cv_func_setsid=yes
ac_cv_func_sigaction=yes
ac_cv_func_sigaltstack=yes
ac_cv_func_sigset=yes
ac_cv_func_sigsetjmp=no
ac_cv_func_sigstack=yes
ac_cv_func_sigvec=yes
ac_cv_func_strcasecmp=yes
ac_cv_func_strerror=yes
ac_cv_func_strftime=yes
ac_cv_func_stricmp=no
ac_cv_func_strncasecmp=yes
ac_cv_func_strnicmp=no
ac_cv_func_strpbrk=yes
ac_cv_func_strtol=yes
ac_cv_func_tgetent=yes
ac_cv_func_towlower=yes
ac_cv_func_towupper=yes
ac_cv_func_usleep=yes
ac_cv_func_utime=yes
ac_cv_func_utimes=yes
ac_cv_have_x=have_x=no
ac_cv_header_X11_SM_SMlib_h=no
ac_cv_header_dirent_dirent_h=yes
ac_cv_header_dlfcn_h=yes
ac_cv_header_elf_h=yes
ac_cv_header_errno_h=yes
ac_cv_header_fcntl_h=yes
ac_cv_header_frame_h=no
ac_cv_header_iconv_h=yes
ac_cv_header_langinfo_h=yes
ac_cv_header_libc_h=no
ac_cv_header_libgen_h=yes
ac_cv_header_libintl_h=yes
ac_cv_header_locale_h=yes
ac_cv_header_math_h=yes
ac_cv_header_poll_h=yes
ac_cv_header_pwd_h=yes
ac_cv_header_setjmp_h=yes
ac_cv_header_sgtty_h=yes
ac_cv_header_stdarg_h=yes
ac_cv_header_stdc=yes
ac_cv_header_stdlib_h=yes
ac_cv_header_string_h=yes
ac_cv_header_strings_h=yes
ac_cv_header_stropts_h=yes
ac_cv_header_sys_access_h=no
ac_cv_header_sys_acl_h=no
ac_cv_header_sys_ioctl_h=yes
ac_cv_header_sys_param_h=yes
ac_cv_header_sys_poll_h=yes
ac_cv_header_sys_ptem_h=no
ac_cv_header_sys_resource_h=yes
ac_cv_header_sys_select_h=yes
ac_cv_header_sys_statfs_h=yes
ac_cv_header_sys_stream_h=no
ac_cv_header_sys_sysctl_h=yes
ac_cv_header_sys_sysinfo_h=yes
ac_cv_header_sys_systeminfo_h=no
ac_cv_header_sys_time_h=yes
ac_cv_header_sys_types_h=yes
ac_cv_header_sys_utsname_h=yes
ac_cv_header_sys_wait_h=yes
ac_cv_header_termcap_h=yes
ac_cv_header_termio_h=yes
ac_cv_header_termios_h=yes
ac_cv_header_time=yes
ac_cv_header_unistd_h=yes
ac_cv_header_util_debug_h=no
ac_cv_header_util_msg18n_h=no
ac_cv_header_utime_h=yes
ac_cv_header_wchar_h=yes
ac_cv_header_wctype_h=yes
ac_cv_lib_acl_acl_get_file=no
ac_cv_lib_curses___tgetent=no
ac_cv_lib_elf_main=no
ac_cv_lib_m_strtod=yes
ac_cv_lib_ncurses___tgetent=yes
ac_cv_lib_nsl_gethostbyname=yes
ac_cv_lib_posix1e_acl_get_file=no
ac_cv_lib_selinux_is_selinux_enabled=no
ac_cv_lib_socket_socket=no
ac_cv_lib_termcap___tgetent=no
ac_cv_lib_termlib___tgetent=no
ac_cv_lib_xpg4__xpg4_setrunelocale=no
ac_cv_objext=o
ac_cv_path_EGREP='/bin/grep -E'
ac_cv_path_GREP=/bin/grep
ac_cv_prog_AWK=mawk
ac_cv_prog_CPP='gcc -E'
ac_cv_prog_STRIP=strip
ac_cv_prog_ac_ct_CC=gcc
ac_cv_prog_cc_c89=
ac_cv_prog_cc_g=yes
ac_cv_prog_gcc_traditional=no
ac_cv_prog_make_make_set=yes
ac_cv_search_opendir='none required'
ac_cv_search_strerror='none required'
ac_cv_sizeof_int=4
ac_cv_type_dev_t=yes
ac_cv_type_ino_t=yes
ac_cv_type_mode_t=yes
ac_cv_type_off_t=yes
ac_cv_type_pid_t=yes
ac_cv_type_rlim_t=yes
ac_cv_type_signal=void
ac_cv_type_size_t=yes
ac_cv_type_stack_t=yes
ac_cv_type_uid_t=yes
cf_cv_ebcdic=no
vi_cv_have_gpm=no
vi_cv_have_sysmouse=no
vim_cv_getcwd_broken=no
vim_cv_memmove_handles_overlap=yes
vim_cv_stat_ignores_slash=no
vim_cv_terminfo=yes
vim_cv_tgent=zero
vim_cv_toupper_broken=no
vim_cv_tty_group=world

## ----------------- ##
## Output variables. ##
## ----------------- ##

AWK='mawk'
CC='gcc'
CFLAGS='-g -O2'
CPP='gcc -E'
CPPFLAGS=' -I/usr/local/include'
CPP_MM='M'
DEFS=''
DEPEND_CFLAGS_FILTER=''
ECHO_C=''
ECHO_N='-n'
ECHO_T=''
EGREP='/bin/grep -E'
EXEEXT=''
EXNAME='ex'
GNOME_CONFIG=''
GNOME_INCLUDEDIR=''
GNOME_LIBDIR=''
GNOME_LIBS=''
GREP='/bin/grep'
GTK12_CONFIG=''
GTK_CFLAGS=''
GTK_CONFIG=''
GTK_LIBNAME=''
GTK_LIBS=''
GUITYPE='NONE'
GUI_INC_LOC=''
GUI_LIB_LOC=''
GUI_X_LIBS=''
HANGULIN_OBJ=''
HANGULIN_SRC=''
INSTALL_LANGS=''
INSTALL_TOOL_LANGS=''
LDFLAGS=' -L/usr/local/lib'
LIBOBJS=''
LIBS='-lnsl '
LTLIBOBJS=''
MAKEMO=''
MOTIF_LIBNAME=''
MSGFMT=''
MZSCHEME_CFLAGS=''
MZSCHEME_LIBS=''
MZSCHEME_OBJ=''
MZSCHEME_PRO=''
MZSCHEME_SRC=''
NARROW_PROTO=''
NETBEANS_OBJ='objects/netbeans.o'
NETBEANS_SRC='netbeans.c'
OBJEXT='o'
OS_EXTRA_OBJ=''
OS_EXTRA_SRC=''
PACKAGE_BUGREPORT=''
PACKAGE_NAME=''
PACKAGE_STRING=''
PACKAGE_TARNAME=''
PACKAGE_VERSION=''
PATH_SEPARATOR=':'
PERL_CFLAGS=''
PERL_LIBS=''
PERL_OBJ=''
PERL_PRO=''
PERL_SRC=''
PKG_CONFIG=''
PYTHON_CFLAGS=''
PYTHON_CONFDIR=''
PYTHON_GETPATH_CFLAGS=''
PYTHON_LIBS=''
PYTHON_OBJ=''
PYTHON_SRC=''
RUBY_CFLAGS=''
RUBY_LIBS=''
RUBY_OBJ=''
RUBY_PRO=''
RUBY_SRC=''
SET_MAKE=''
SHELL='/bin/bash'
SNIFF_OBJ=''
SNIFF_SRC=''
STRIP='strip'
TAGPRG=''
TCL_CFLAGS=''
TCL_LIBS=''
TCL_OBJ=''
TCL_PRO=''
TCL_SRC=''
VIEWNAME='view'
VIMNAME='vim'
WORKSHOP_OBJ=''
WORKSHOP_SRC=''
XMKMF=''
X_CFLAGS=' '
X_EXTRA_LIBS=''
X_LIB=''
X_LIBS=' '
X_PRE_LIBS=''
ac_ct_CC='gcc'
bindir='${exec_prefix}/bin'
build_alias=''
compiledby=''
datadir='${datarootdir}'
datarootdir='${prefix}/share'
docdir='${datarootdir}/doc/${PACKAGE}'
dogvimdiff='installgvimdiff'
dovimdiff='installvimdiff'
dvidir='${docdir}'
exec_prefix='NONE'
host_alias=''
htmldir='${docdir}'
includedir='${prefix}/include'
infodir='${datarootdir}/info'
libdir='${exec_prefix}/lib'
libexecdir='${exec_prefix}/libexec'
line_break='"\\012"'
localedir='${datarootdir}/locale'
localstatedir='${prefix}/var'
mandir='${datarootdir}/man'
oldincludedir='/usr/include'
pdfdir='${docdir}'
prefix='NONE'
program_transform_name='s,x,x,'
psdir='${docdir}'
sbindir='${exec_prefix}/sbin'
sharedstatedir='${prefix}/com'
shrpenv=''
sysconfdir='${prefix}/etc'
target_alias=''
vi_cv_path_mzscheme=''
vi_cv_path_perl=''
vi_cv_path_python=''
vi_cv_path_ruby=''
vi_cv_path_tcl=''
vi_cv_perllib=''
xmkmfpath=''

## ----------- ##
## confdefs.h. ##
## ----------- ##

#define PACKAGE_NAME ""
#define PACKAGE_TARNAME ""
#define PACKAGE_VERSION ""
#define PACKAGE_STRING ""
#define PACKAGE_BUGREPORT ""
#define UNIX 1
#define STDC_HEADERS 1
#define HAVE_SYS_WAIT_H 1
#define FEAT_NORMAL 1
#define USE_XSMP_INTERACT 1
#define HAVE_LIBNSL 1
#define FEAT_NETBEANS_INTG 1
#define X_DISPLAY_MISSING 1
#define HAVE_DATE_TIME 1
#define HAVE_DIRENT_H 1
#define HAVE_STDARG_H 1
#define HAVE_STDLIB_H 1
#define HAVE_STRING_H 1
#define HAVE_SYS_SELECT_H 1
#define HAVE_SYS_UTSNAME_H 1
#define HAVE_TERMCAP_H 1
#define HAVE_FCNTL_H 1
#define HAVE_SGTTY_H 1
#define HAVE_SYS_IOCTL_H 1
#define HAVE_SYS_TIME_H 1
#define HAVE_SYS_TYPES_H 1
#define HAVE_TERMIO_H 1
#define HAVE_ICONV_H 1
#define HAVE_LANGINFO_H 1
#define HAVE_MATH_H 1
#define HAVE_UNISTD_H 1
#define HAVE_STROPTS_H 1
#define HAVE_ERRNO_H 1
#define HAVE_SYS_RESOURCE_H 1
#define HAVE_LOCALE_H 1
#define HAVE_TERMIOS_H 1
#define HAVE_SYS_STATFS_H 1
#define HAVE_POLL_H 1
#define HAVE_SYS_POLL_H 1
#define HAVE_PWD_H 1
#define HAVE_UTIME_H 1
#define HAVE_SYS_PARAM_H 1
#define HAVE_LIBINTL_H 1
#define HAVE_LIBGEN_H 1
#define HAVE_SYS_SYSCTL_H 1
#define HAVE_SYS_SYSINFO_H 1
#define HAVE_WCHAR_H 1
#define HAVE_WCTYPE_H 1
#define HAVE_STRINGS_H 1
#define TIME_WITH_SYS_TIME 1
#define HAVE_LIBNCURSES 1

configure: exit 1
